#
# A fatal error has been detected by the Java Runtime Environment:
#
#  EXCEPTION_ACCESS_VIOLATION (0xc0000005) at pc=0x0000025267ee6248, pid=8220, tid=8684
#
# JRE version: OpenJDK Runtime Environment Temurin-17.0.8.1+1 (17.0.8.1+1) (build 17.0.8.1+1)
# Java VM: OpenJDK 64-Bit Server VM Temurin-17.0.8.1+1 (17.0.8.1+1, mixed mode, tiered, compressed oops, compressed class ptrs, parallel gc, windows-amd64)
# Problematic frame:
# C  0x0000025267ee6248
#
# No core dump will be written. Minidumps are not enabled by default on client versions of Windows
#
# If you would like to submit a bug report, please visit:
#   https://github.com/adoptium/adoptium-support/issues
#

---------------  S U M M A R Y ------------

Command Line: --add-modules=ALL-SYSTEM --add-opens=java.base/java.util=ALL-UNNAMED --add-opens=java.base/java.lang=ALL-UNNAMED --add-opens=java.base/sun.nio.fs=ALL-UNNAMED -Declipse.application=org.eclipse.jdt.ls.core.id1 -Dosgi.bundles.defaultStartLevel=4 -Declipse.product=org.eclipse.jdt.ls.core.product -Djava.import.generatesMetadataFilesAtProjectRoot=false -DDetectVMInstallationsJob.disabled=true -Dfile.encoding=utf8 -XX:+UseParallelGC -XX:GCTimeRatio=4 -XX:AdaptiveSizePolicyWeight=90 -Dsun.zip.disableMemoryMapping=true -Xmx1G -Xms100m -Xlog:disable -javaagent:c:\Users\Al-Farouk\.vscode\extensions\redhat.java-1.24.0-win32-x64\lombok\lombok-1.18.30.jar -XX:+HeapDumpOnOutOfMemoryError -XX:HeapDumpPath=c:\Users\Al-Farouk\AppData\Roaming\Code\User\workspaceStorage\5fbd4c0614162553149b181b1f65308c\redhat.java -Daether.dependencyCollector.impl=bf c:\Users\Al-Farouk\.vscode\extensions\redhat.java-1.24.0-win32-x64\server\plugins\org.eclipse.equinox.launcher_1.6.500.v20230717-2134.jar -configuration c:\Users\Al-Farouk\AppData\Roaming\Code\User\globalStorage\redhat.java\1.24.0\config_win -data c:\Users\Al-Farouk\AppData\Roaming\Code\User\workspaceStorage\5fbd4c0614162553149b181b1f65308c\redhat.java\jdt_ws --stdio

Host: Intel(R) Pentium(R) CPU B960 @ 2.20GHz, 2 cores, 3G,  Windows 10 , 64 bit Build 19041 (10.0.19041.3393)
Time: Mon Nov 20 17:18:36 2023 W. Central Africa Standard Time elapsed time: 4205.676956 seconds (0d 1h 10m 5s)

---------------  T H R E A D  ---------------

Current thread (0x0000025254280550):  GCTaskThread "GC Thread#0" [stack: 0x0000007feaa00000,0x0000007feab00000] [id=8684]

Stack: [0x0000007feaa00000,0x0000007feab00000],  sp=0x0000007feaaff668,  free space=1021k
Native frames: (J=compiled Java code, j=interpreted, Vv=VM code, C=native code)
C  0x0000025267ee6248


siginfo: EXCEPTION_ACCESS_VIOLATION (0xc0000005), data execution prevention violation at address 0x0000025267ee6248


Register to memory mapping:

RIP=0x0000025267ee6248 points into unknown readable memory: 0x2928000352a5ffff | ff ff a5 52 03 00 28 29
RAX=0x0000025269000028 is pointing into metadata
RBX=0x0000000000000001 is an unknown value
RCX=0x00000001008253f0 is pointing into metadata
RDX=0x00000000ebe04100 points into unknown readable memory: 0x0000000000000001 | 01 00 00 00 00 00 00 00
RSP=0x0000007feaaff668 points into unknown readable memory: 0x00007ff973805ba6 | a6 5b 80 73 f9 7f 00 00
RBP=0x0000007feaaff6e8 points into unknown readable memory: 0x000000000000000c | 0c 00 00 00 00 00 00 00
RSI=0x00000000ec8b4b3c points into unknown readable memory: 00 41 e0 eb
RDI=0x0000025268033700 points into unknown readable memory: 0x00007ff973b02a48 | 48 2a b0 73 f9 7f 00 00
R8 =0x00000001008253f0 is pointing into metadata
R9 =0x00007ff973c67740 jvm.dll
R10=0x0 is NULL
R11=0x0000025268033700 points into unknown readable memory: 0x00007ff973b02a48 | 48 2a b0 73 f9 7f 00 00
R12=0x0 is NULL
R13=0x0000000000000010 is an unknown value
R14=0x00000000ebe04100 points into unknown readable memory: 0x0000000000000001 | 01 00 00 00 00 00 00 00
R15=0x0000025268033700 points into unknown readable memory: 0x00007ff973b02a48 | 48 2a b0 73 f9 7f 00 00


Registers:
RAX=0x0000025269000028, RBX=0x0000000000000001, RCX=0x00000001008253f0, RDX=0x00000000ebe04100
RSP=0x0000007feaaff668, RBP=0x0000007feaaff6e8, RSI=0x00000000ec8b4b3c, RDI=0x0000025268033700
R8 =0x00000001008253f0, R9 =0x00007ff973c67740, R10=0x0000000000000000, R11=0x0000025268033700
R12=0x0000000000000000, R13=0x0000000000000010, R14=0x00000000ebe04100, R15=0x0000025268033700
RIP=0x0000025267ee6248, EFLAGS=0x0000000000010246

Top of Stack: (sp=0x0000007feaaff668)
0x0000007feaaff668:   00007ff973805ba6 0000000000000001
0x0000007feaaff678:   00000000ec7efed0 0000007feaaff738
0x0000007feaaff688:   00007ff973806e10 00007ff973b01c40
0x0000007feaaff698:   000002525427a920 0000025268033700
0x0000007feaaff6a8:   00000000ecc57998 00000000ec8b4820
0x0000007feaaff6b8:   0000000000001000 00000000d79c89d4
0x0000007feaaff6c8:   00000000d79c8a08 0000000000000009
0x0000007feaaff6d8:   0000000000001000 0000000000000010
0x0000007feaaff6e8:   000000000000000c 0000000000000035
0x0000007feaaff6f8:   0000000000000000 00000000ec8b4b3c
0x0000007feaaff708:   0000000000000001 0000000000000000
0x0000007feaaff718:   00007ff973806aa0 0000025268033700
0x0000007feaaff728:   000002526ec20108 0000000000000001
0x0000007feaaff738:   0000007feabff2e8 00075a9f000121d9
0x0000007feaaff748:   0000000000000005 00000000c0000000
0x0000007feaaff758:   0000007feabff2e8 0000000000000020 

Instructions: (pc=0x0000025267ee6248)
0x0000025267ee6148:   29 4c 6a 61 76 61 2f 6c 61 6e 67 2f 43 68 61 72
0x0000025267ee6158:   61 63 74 65 72 3b 00 00 ff ff 1e fb 14 00 28 53
0x0000025267ee6168:   29 4c 6a 61 76 61 2f 6c 61 6e 67 2f 53 68 6f 72
0x0000025267ee6178:   74 3b 00 00 00 00 00 00 ff ff eb 9f 16 00 28 49
0x0000025267ee6188:   29 4c 6a 61 76 61 2f 6c 61 6e 67 2f 49 6e 74 65
0x0000025267ee6198:   67 65 72 3b 00 00 00 00 ff ff 88 3c 13 00 28 4a
0x0000025267ee61a8:   29 4c 6a 61 76 61 2f 6c 61 6e 67 2f 4c 6f 6e 67
0x0000025267ee61b8:   3b 00 00 00 00 00 00 00 ff ff bc 12 14 00 28 46
0x0000025267ee61c8:   29 4c 6a 61 76 61 2f 6c 61 6e 67 2f 46 6c 6f 61
0x0000025267ee61d8:   74 3b 00 00 00 00 00 00 ff ff 03 11 15 00 28 44
0x0000025267ee61e8:   29 4c 6a 61 76 61 2f 6c 61 6e 67 2f 44 6f 75 62
0x0000025267ee61f8:   6c 65 3b 00 00 00 00 00 ff ff 04 14 10 00 66 6f
0x0000025267ee6208:   72 45 61 63 68 52 65 6d 61 69 6e 69 6e 67 00 00
0x0000025267ee6218:   ff ff 74 21 23 00 28 4c 6a 61 76 61 2f 75 74 69
0x0000025267ee6228:   6c 2f 66 75 6e 63 74 69 6f 6e 2f 49 6e 74 43 6f
0x0000025267ee6238:   6e 73 75 6d 65 72 3b 29 56 00 00 00 00 00 00 00
0x0000025267ee6248:   ff ff a5 52 03 00 28 29 56 00 00 00 00 00 00 00
0x0000025267ee6258:   ff ff 26 fe 03 00 28 29 5a 00 00 00 00 00 00 00
0x0000025267ee6268:   ff ff 60 a5 03 00 28 29 42 00 00 00 00 00 00 00
0x0000025267ee6278:   ff ff 71 56 03 00 28 29 43 00 00 00 00 00 00 00
0x0000025267ee6288:   ff ff 45 54 03 00 28 29 53 00 00 00 00 00 00 00
0x0000025267ee6298:   ff ff 07 aa 03 00 28 29 49 00 00 00 00 00 00 00
0x0000025267ee62a8:   ff ff fb c2 03 00 28 29 4a 00 00 00 00 00 00 00
0x0000025267ee62b8:   ff ff da ee 03 00 28 29 46 00 00 00 00 00 00 00
0x0000025267ee62c8:   ff ff aa 4b 03 00 28 29 44 00 00 00 00 00 00 00
0x0000025267ee62d8:   ff ff f9 a7 04 00 28 5a 29 56 00 00 00 00 00 00
0x0000025267ee62e8:   ff ff d5 fa 04 00 28 49 29 56 00 00 00 00 00 00
0x0000025267ee62f8:   ff ff 1d ea 04 00 28 49 29 49 00 00 00 00 00 00
0x0000025267ee6308:   ff ff 48 3d 04 00 28 43 29 43 00 00 00 00 00 00
0x0000025267ee6318:   ff ff c3 68 04 00 28 53 29 53 00 00 00 00 00 00
0x0000025267ee6328:   ff ff 2f 00 04 00 28 49 29 5a 00 00 00 00 00 00
0x0000025267ee6338:   ff ff 83 49 04 00 28 46 29 49 00 00 00 00 00 00 


Stack slot to memory mapping:
stack at sp + 0 slots: 0x00007ff973805ba6 jvm.dll
stack at sp + 1 slots: 0x0000000000000001 is an unknown value
stack at sp + 2 slots: 0x00000000ec7efed0 is an oop: java.util.LinkedHashMap$Entry 
{0x00000000ec7efed0} - klass: 'java/util/LinkedHashMap$Entry'
 - ---- fields (total size 5 words):
 - final 'hash' 'I' @12  272 (110)
 - final 'key' 'Ljava/lang/Object;' @16  a 'java/lang/Long'{0x00000000ec7efef8} = 272 (ec7efef8)
 - 'value' 'Ljava/lang/Object;' @20  a 'org/eclipse/jdt/ls/core/internal/handlers/ResponseStore$ResponseItem'{0x00000000ec7eff10} (ec7eff10)
 - 'next' 'Ljava/util/HashMap$Node;' @24  NULL (0)
 - 'before' 'Ljava/util/LinkedHashMap$Entry;' @28  NULL (0)
 - 'after' 'Ljava/util/LinkedHashMap$Entry;' @32  NULL (0)
stack at sp + 3 slots: 0x0000007feaaff738 points into unknown readable memory: 0x0000007feabff2e8 | e8 f2 bf ea 7f 00 00 00
stack at sp + 4 slots: 0x00007ff973806e10 jvm.dll
stack at sp + 5 slots: 0x00007ff973b01c40 jvm.dll
stack at sp + 6 slots: 0x000002525427a920 points into unknown readable memory: 0x00007ff973b037b0 | b0 37 b0 73 f9 7f 00 00
stack at sp + 7 slots: 0x0000025268033700 points into unknown readable memory: 0x00007ff973b02a48 | 48 2a b0 73 f9 7f 00 00


---------------  P R O C E S S  ---------------

Threads class SMR info:
_java_thread_list=0x000002526e783260, length=33, elements={
0x0000025254269890, 0x000002525431b5a0, 0x000002525431c420, 0x000002526806f270,
0x0000025268070000, 0x0000025268072ca0, 0x0000025268074580, 0x0000025268075230,
0x000002526807ec70, 0x0000025268083d40, 0x0000025268cafc80, 0x0000025268e59b30,
0x0000025268e631a0, 0x000002526d0c00b0, 0x000002526d2db620, 0x000002526d1b6010,
0x000002526d380ae0, 0x000002526d3800c0, 0x000002526d381a10, 0x000002526d37fbb0,
0x000002526ecdf1c0, 0x000002526ece0b10, 0x000002526ecdf6d0, 0x000002526d0c85c0,
0x000002526d0cd6c0, 0x000002526eef6ab0, 0x000002526eef6090, 0x000002526eef4c50,
0x000002526eef3d20, 0x000002526eef23d0, 0x000002526eef8910, 0x000002526eef0f90,
0x000002526eef14a0
}

Java Threads: ( => current thread )
  0x0000025254269890 JavaThread "main" [_thread_blocked, id=1740, stack(0x0000007fea900000,0x0000007feaa00000)]
  0x000002525431b5a0 JavaThread "Reference Handler" daemon [_thread_blocked, id=7388, stack(0x0000007feac00000,0x0000007fead00000)]
  0x000002525431c420 JavaThread "Finalizer" daemon [_thread_blocked, id=8380, stack(0x0000007fead00000,0x0000007feae00000)]
  0x000002526806f270 JavaThread "Signal Dispatcher" daemon [_thread_blocked, id=8904, stack(0x0000007feae00000,0x0000007feaf00000)]
  0x0000025268070000 JavaThread "Attach Listener" daemon [_thread_blocked, id=7904, stack(0x0000007feaf00000,0x0000007feb000000)]
  0x0000025268072ca0 JavaThread "Service Thread" daemon [_thread_blocked, id=6804, stack(0x0000007feb000000,0x0000007feb100000)]
  0x0000025268074580 JavaThread "Monitor Deflation Thread" daemon [_thread_blocked, id=7468, stack(0x0000007feb100000,0x0000007feb200000)]
  0x0000025268075230 JavaThread "C2 CompilerThread0" daemon [_thread_blocked, id=8028, stack(0x0000007feb200000,0x0000007feb300000)]
  0x000002526807ec70 JavaThread "C1 CompilerThread0" daemon [_thread_blocked, id=6808, stack(0x0000007feb300000,0x0000007feb400000)]
  0x0000025268083d40 JavaThread "Sweeper thread" daemon [_thread_blocked, id=6360, stack(0x0000007feb400000,0x0000007feb500000)]
  0x0000025268cafc80 JavaThread "Common-Cleaner" daemon [_thread_blocked, id=1192, stack(0x0000007feb500000,0x0000007feb600000)]
  0x0000025268e59b30 JavaThread "Notification Thread" daemon [_thread_blocked, id=9784, stack(0x0000007feb600000,0x0000007feb700000)]
  0x0000025268e631a0 JavaThread "Active Thread: Equinox Container: 41cde933-6775-4dda-8d96-0617ab8ae438" [_thread_blocked, id=5852, stack(0x0000007feb900000,0x0000007feba00000)]
  0x000002526d0c00b0 JavaThread "Framework Event Dispatcher: Equinox Container: 41cde933-6775-4dda-8d96-0617ab8ae438" daemon [_thread_blocked, id=2916, stack(0x0000007feba00000,0x0000007febb00000)]
  0x000002526d2db620 JavaThread "Start Level: Equinox Container: 41cde933-6775-4dda-8d96-0617ab8ae438" daemon [_thread_blocked, id=9844, stack(0x0000007febb00000,0x0000007febc00000)]
  0x000002526d1b6010 JavaThread "Bundle File Closer" daemon [_thread_blocked, id=8396, stack(0x0000007febc00000,0x0000007febd00000)]
  0x000002526d380ae0 JavaThread "SCR Component Actor" daemon [_thread_blocked, id=2952, stack(0x0000007febd00000,0x0000007febe00000)]
  0x000002526d3800c0 JavaThread "Worker-JM" [_thread_blocked, id=6268, stack(0x0000007febf00000,0x0000007fec000000)]
  0x000002526d381a10 JavaThread "Java indexing" daemon [_thread_blocked, id=7200, stack(0x0000007fec300000,0x0000007fec400000)]
  0x000002526d37fbb0 JavaThread "JNA Cleaner" daemon [_thread_blocked, id=6996, stack(0x0000007febe00000,0x0000007febf00000)]
  0x000002526ecdf1c0 JavaThread "pool-2-thread-1" [_thread_blocked, id=5008, stack(0x0000007fec700000,0x0000007fec800000)]
  0x000002526ece0b10 JavaThread "WorkspaceEventsHandler" [_thread_blocked, id=4704, stack(0x0000007fec800000,0x0000007fec900000)]
  0x000002526ecdf6d0 JavaThread "pool-1-thread-1" [_thread_blocked, id=8712, stack(0x0000007fec900000,0x0000007feca00000)]
  0x000002526d0c85c0 JavaThread "Worker-10" [_thread_blocked, id=8724, stack(0x0000007fea700000,0x0000007fea800000)]
  0x000002526d0cd6c0 JavaThread "Worker-11" [_thread_blocked, id=3260, stack(0x0000007fea800000,0x0000007fea900000)]
  0x000002526eef6ab0 JavaThread "Java Debug Server" [_thread_in_native, id=1052, stack(0x0000007fec400000,0x0000007fec500000)]
  0x000002526eef6090 JavaThread "RxSchedulerPurge-1" daemon [_thread_blocked, id=10108, stack(0x0000007fec500000,0x0000007fec600000)]
  0x000002526eef4c50 JavaThread "RxCachedWorkerPoolEvictor-1" daemon [_thread_blocked, id=8064, stack(0x0000007fec600000,0x0000007fec700000)]
  0x000002526eef3d20 JavaThread "pool-7-thread-2" [_thread_in_native, id=11580, stack(0x0000007fec000000,0x0000007fec100000)]
  0x000002526eef23d0 JavaThread "RxNewThreadScheduler-3" daemon [_thread_blocked, id=7664, stack(0x0000007fec200000,0x0000007fec300000)]
  0x000002526eef8910 JavaThread "process reaper (pid 5996)" daemon [_thread_in_native, id=10516, stack(0x0000007fea350000,0x0000007fea370000)]
  0x000002526eef0f90 JavaThread "ForkJoinPool.commonPool-worker-6" daemon [_thread_blocked, id=6116, stack(0x0000007feca00000,0x0000007fecb00000)]
  0x000002526eef14a0 JavaThread "Thread-1947" [_thread_blocked, id=6000, stack(0x0000007fec100000,0x0000007fec200000)]

Other Threads:
  0x00000252542f4900 VMThread "VM Thread" [stack: 0x0000007feab00000,0x0000007feac00000] [id=7580]
  0x0000025268de6120 WatcherThread [stack: 0x0000007feb700000,0x0000007feb800000] [id=6056]
=>0x0000025254280550 GCTaskThread "GC Thread#0" [stack: 0x0000007feaa00000,0x0000007feab00000] [id=8684]
  0x0000025268bea5c0 GCTaskThread "GC Thread#1" [stack: 0x0000007feb800000,0x0000007feb900000] [id=7428]

Threads with active compile tasks:

VM state: at safepoint (normal execution)

VM Mutex/Monitor currently owned by a thread:  ([mutex/lock_event])
[0x0000025254265ea0] Threads_lock - owner thread: 0x00000252542f4900
[0x0000025254264ca0] Heap_lock - owner thread: 0x000002526eef14a0

Heap address: 0x00000000c0000000, size: 1024 MB, Compressed Oops mode: 32-bit

CDS archive(s) not mapped
Compressed class space mapped at: 0x0000000100000000-0x0000000140000000, reserved size: 1073741824
Narrow klass base: 0x0000000000000000, Narrow klass shift: 3, Narrow klass range: 0x140000000

GC Precious Log:
 CPUs: 2 total, 2 available
 Memory: 3947M
 Large Page Support: Disabled
 NUMA Support: Disabled
 Compressed Oops: Enabled (32-bit)
 Alignments: Space 512K, Generation 512K, Heap 2M
 Heap Min Capacity: 100M
 Heap Initial Capacity: 100M
 Heap Max Capacity: 1G
 Pre-touch: Disabled
 Parallel Workers: 2

Heap:
 PSYoungGen      total 30720K, used 30647K [0x00000000eab00000, 0x00000000ecd80000, 0x0000000100000000)
  eden space 27136K, 100% used [0x00000000eab00000,0x00000000ec580000,0x00000000ec580000)
  from space 3584K, 97% used [0x00000000eca00000,0x00000000ecd6df00,0x00000000ecd80000)
  to   space 4096K, 84% used [0x00000000ec580000,0x00000000ec8e4820,0x00000000ec980000)
 ParOldGen       total 394752K, used 387383K [0x00000000c0000000, 0x00000000d8180000, 0x00000000eab00000)
  object space 394752K, 98% used [0x00000000c0000000,0x00000000d7a4dcb8,0x00000000d8180000)
 Metaspace       used 99045K, committed 100864K, reserved 1179648K
  class space    used 10046K, committed 10752K, reserved 1048576K

Card table byte_map: [0x0000025253c00000,0x0000025253e10000] _byte_map_base: 0x0000025253600000

Marking Bits: (ParMarkBitMap*) 0x00007ff973cd83a0
 Begin Bits: [0x0000025265ee0000, 0x0000025266ee0000)
 End Bits:   [0x0000025266ee0000, 0x0000025267ee0000)

Polling page: 0x00000252521e0000

Metaspace:

Usage:
  Non-class:     86.91 MB used.
      Class:      9.81 MB used.
       Both:     96.72 MB used.

Virtual space:
  Non-class space:      128.00 MB reserved,      88.00 MB ( 69%) committed,  2 nodes.
      Class space:        1.00 GB reserved,      10.50 MB (  1%) committed,  1 nodes.
             Both:        1.12 GB reserved,      98.50 MB (  9%) committed. 

Chunk freelists:
   Non-Class:  7.85 MB
       Class:  5.62 MB
        Both:  13.47 MB

MaxMetaspaceSize: unlimited
CompressedClassSpaceSize: 1.00 GB
Initial GC threshold: 21.00 MB
Current GC threshold: 164.06 MB
CDS: off
MetaspaceReclaimPolicy: balanced
 - commit_granule_bytes: 65536.
 - commit_granule_words: 8192.
 - virtual_space_node_default_size: 8388608.
 - enlarge_chunks_in_place: 1.
 - new_chunks_are_fully_committed: 0.
 - uncommit_free_chunks: 1.
 - use_allocation_guard: 0.
 - handle_deallocations: 1.


Internal statistics:

num_allocs_failed_limit: 9.
num_arena_births: 1384.
num_arena_deaths: 576.
num_vsnodes_births: 3.
num_vsnodes_deaths: 0.
num_space_committed: 1576.
num_space_uncommitted: 0.
num_chunks_returned_to_freelist: 723.
num_chunks_taken_from_freelist: 5847.
num_chunk_merges: 274.
num_chunk_splits: 3468.
num_chunks_enlarged: 1894.
num_inconsistent_stats: 0.

CodeHeap 'non-profiled nmethods': size=120064Kb used=21423Kb max_used=21423Kb free=98640Kb
 bounds [0x000002525e9a0000, 0x000002525fe90000, 0x0000025265ee0000]
CodeHeap 'profiled nmethods': size=120000Kb used=39793Kb max_used=40279Kb free=80206Kb
 bounds [0x0000025256ee0000, 0x0000025259660000, 0x000002525e410000]
CodeHeap 'non-nmethods': size=5696Kb used=1451Kb max_used=1502Kb free=4244Kb
 bounds [0x000002525e410000, 0x000002525e680000, 0x000002525e9a0000]
 total_blobs=18784 nmethods=17977 adapters=717
 compilation: enabled
              stopped_count=0, restarted_count=0
 full_count=0

Compilation events (20 events):
Event: 4186.473 Thread 0x000002526807ec70 24665       3       com.google.gson.internal.bind.NumberTypeAdapter::getFactory (16 bytes)
Event: 4186.473 Thread 0x000002526807ec70 nmethod 24665 0x0000025257a68f90 code [0x0000025257a69160, 0x0000025257a695d8]
Event: 4186.473 Thread 0x000002526807ec70 24666       3       com.google.gson.Gson::atomicLongAdapter (12 bytes)
Event: 4186.475 Thread 0x000002526807ec70 nmethod 24666 0x00000252589c6d10 code [0x00000252589c6ee0, 0x00000252589c7338]
Event: 4186.475 Thread 0x000002526807ec70 24667       3       com.google.gson.Gson$4::<init> (10 bytes)
Event: 4186.475 Thread 0x000002526807ec70 nmethod 24667 0x00000252589c6890 code [0x00000252589c6a40, 0x00000252589c6c18]
Event: 4187.131 Thread 0x0000025268075230 24668       4       org.eclipse.jdt.internal.compiler.lookup.TypeBinding::signature (5 bytes)
Event: 4187.131 Thread 0x0000025268075230 nmethod 24668 0x000002525fe8b410 code [0x000002525fe8b580, 0x000002525fe8b618]
Event: 4204.836 Thread 0x000002526807ec70 24669       3       org.eclipse.jdt.ls.core.internal.handlers.CodeActionHandler::<init> (69 bytes)
Event: 4204.837 Thread 0x000002526807ec70 nmethod 24669 0x00000252589c5b90 code [0x00000252589c5da0, 0x00000252589c6598]
Event: 4204.867 Thread 0x0000025268075230 24670       4       org.eclipse.jdt.internal.core.SourceRefElement::getSourceRange (13 bytes)
Event: 4204.870 Thread 0x0000025268075230 nmethod 24670 0x000002525fe8b710 code [0x000002525fe8b8a0, 0x000002525fe8b9d8]
Event: 4204.879 Thread 0x0000025268075230 24671       4       org.eclipse.jdt.internal.core.dom.util.DOMASTUtil::isFeatureSupportedinAST (56 bytes)
Event: 4204.880 Thread 0x0000025268075230 nmethod 24671 0x000002525fe8bb90 code [0x000002525fe8bd00, 0x000002525fe8bd98]
Event: 4204.881 Thread 0x000002526807ec70 24672       3       org.eclipse.jdt.internal.corext.dom.ASTNodes::asString (18 bytes)
Event: 4204.882 Thread 0x000002526807ec70 nmethod 24672 0x00000252589c5110 code [0x00000252589c5300, 0x00000252589c5848]
Event: 4204.882 Thread 0x000002526807ec70 24673       3       org.eclipse.jdt.internal.corext.dom.ASTFlattener::<init> (16 bytes)
Event: 4204.883 Thread 0x000002526807ec70 nmethod 24673 0x0000025258f29c90 code [0x0000025258f29e60, 0x0000025258f2a208]
Event: 4204.883 Thread 0x000002526807ec70 24674       3       org.eclipse.jdt.internal.corext.dom.ASTFlattener::printTypeAnnotations (21 bytes)
Event: 4204.883 Thread 0x000002526807ec70 nmethod 24674 0x0000025258f29490 code [0x0000025258f29660, 0x0000025258f29a98]

GC Heap History (20 events):
Event: 4175.253 GC heap after
{Heap after GC invocations=2985 (full 72):
 PSYoungGen      total 31744K, used 1433K [0x00000000eab00000, 0x00000000ece80000, 0x0000000100000000)
  eden space 30208K, 0% used [0x00000000eab00000,0x00000000eab00000,0x00000000ec880000)
  from space 1536K, 93% used [0x00000000ecc00000,0x00000000ecd66410,0x00000000ecd80000)
  to   space 1024K, 0% used [0x00000000ecd80000,0x00000000ecd80000,0x00000000ece80000)
 ParOldGen       total 394752K, used 378217K [0x00000000c0000000, 0x00000000d8180000, 0x00000000eab00000)
  object space 394752K, 95% used [0x00000000c0000000,0x00000000d715a608,0x00000000d8180000)
 Metaspace       used 99031K, committed 100864K, reserved 1179648K
  class space    used 10046K, committed 10752K, reserved 1048576K
}
Event: 4175.710 GC heap before
{Heap before GC invocations=2986 (full 72):
 PSYoungGen      total 31744K, used 31641K [0x00000000eab00000, 0x00000000ece80000, 0x0000000100000000)
  eden space 30208K, 100% used [0x00000000eab00000,0x00000000ec880000,0x00000000ec880000)
  from space 1536K, 93% used [0x00000000ecc00000,0x00000000ecd66410,0x00000000ecd80000)
  to   space 1024K, 0% used [0x00000000ecd80000,0x00000000ecd80000,0x00000000ece80000)
 ParOldGen       total 394752K, used 378217K [0x00000000c0000000, 0x00000000d8180000, 0x00000000eab00000)
  object space 394752K, 95% used [0x00000000c0000000,0x00000000d715a608,0x00000000d8180000)
 Metaspace       used 99031K, committed 100864K, reserved 1179648K
  class space    used 10046K, committed 10752K, reserved 1048576K
}
Event: 4175.749 GC heap after
{Heap after GC invocations=2986 (full 72):
 PSYoungGen      total 30720K, used 1012K [0x00000000eab00000, 0x00000000ed200000, 0x0000000100000000)
  eden space 29696K, 0% used [0x00000000eab00000,0x00000000eab00000,0x00000000ec800000)
  from space 1024K, 98% used [0x00000000ecd80000,0x00000000ece7d200,0x00000000ece80000)
  to   space 5120K, 0% used [0x00000000ec800000,0x00000000ec800000,0x00000000ecd00000)
 ParOldGen       total 394752K, used 381714K [0x00000000c0000000, 0x00000000d8180000, 0x00000000eab00000)
  object space 394752K, 96% used [0x00000000c0000000,0x00000000d74c4980,0x00000000d8180000)
 Metaspace       used 99031K, committed 100864K, reserved 1179648K
  class space    used 10046K, committed 10752K, reserved 1048576K
}
Event: 4180.065 GC heap before
{Heap before GC invocations=2987 (full 72):
 PSYoungGen      total 30720K, used 30708K [0x00000000eab00000, 0x00000000ed200000, 0x0000000100000000)
  eden space 29696K, 100% used [0x00000000eab00000,0x00000000ec800000,0x00000000ec800000)
  from space 1024K, 98% used [0x00000000ecd80000,0x00000000ece7d200,0x00000000ece80000)
  to   space 5120K, 0% used [0x00000000ec800000,0x00000000ec800000,0x00000000ecd00000)
 ParOldGen       total 394752K, used 381714K [0x00000000c0000000, 0x00000000d8180000, 0x00000000eab00000)
  object space 394752K, 96% used [0x00000000c0000000,0x00000000d74c4980,0x00000000d8180000)
 Metaspace       used 99033K, committed 100864K, reserved 1179648K
  class space    used 10046K, committed 10752K, reserved 1048576K
}
Event: 4180.074 GC heap after
{Heap after GC invocations=2987 (full 72):
 PSYoungGen      total 31744K, used 2110K [0x00000000eab00000, 0x00000000ece00000, 0x0000000100000000)
  eden space 29184K, 0% used [0x00000000eab00000,0x00000000eab00000,0x00000000ec780000)
  from space 2560K, 82% used [0x00000000ec800000,0x00000000eca0fb10,0x00000000eca80000)
  to   space 3072K, 0% used [0x00000000ecb00000,0x00000000ecb00000,0x00000000ece00000)
 ParOldGen       total 394752K, used 381730K [0x00000000c0000000, 0x00000000d8180000, 0x00000000eab00000)
  object space 394752K, 96% used [0x00000000c0000000,0x00000000d74c8980,0x00000000d8180000)
 Metaspace       used 99033K, committed 100864K, reserved 1179648K
  class space    used 10046K, committed 10752K, reserved 1048576K
}
Event: 4180.318 GC heap before
{Heap before GC invocations=2988 (full 72):
 PSYoungGen      total 31744K, used 31294K [0x00000000eab00000, 0x00000000ece00000, 0x0000000100000000)
  eden space 29184K, 100% used [0x00000000eab00000,0x00000000ec780000,0x00000000ec780000)
  from space 2560K, 82% used [0x00000000ec800000,0x00000000eca0fb10,0x00000000eca80000)
  to   space 3072K, 0% used [0x00000000ecb00000,0x00000000ecb00000,0x00000000ece00000)
 ParOldGen       total 394752K, used 381730K [0x00000000c0000000, 0x00000000d8180000, 0x00000000eab00000)
  object space 394752K, 96% used [0x00000000c0000000,0x00000000d74c8980,0x00000000d8180000)
 Metaspace       used 99037K, committed 100864K, reserved 1179648K
  class space    used 10046K, committed 10752K, reserved 1048576K
}
Event: 4180.330 GC heap after
{Heap after GC invocations=2988 (full 72):
 PSYoungGen      total 31744K, used 3059K [0x00000000eab00000, 0x00000000ece00000, 0x0000000100000000)
  eden space 28672K, 0% used [0x00000000eab00000,0x00000000eab00000,0x00000000ec700000)
  from space 3072K, 99% used [0x00000000ecb00000,0x00000000ecdfcd10,0x00000000ece00000)
  to   space 3584K, 0% used [0x00000000ec700000,0x00000000ec700000,0x00000000eca80000)
 ParOldGen       total 394752K, used 381730K [0x00000000c0000000, 0x00000000d8180000, 0x00000000eab00000)
  object space 394752K, 96% used [0x00000000c0000000,0x00000000d74c8980,0x00000000d8180000)
 Metaspace       used 99037K, committed 100864K, reserved 1179648K
  class space    used 10046K, committed 10752K, reserved 1048576K
}
Event: 4180.445 GC heap before
{Heap before GC invocations=2989 (full 72):
 PSYoungGen      total 31744K, used 31731K [0x00000000eab00000, 0x00000000ece00000, 0x0000000100000000)
  eden space 28672K, 100% used [0x00000000eab00000,0x00000000ec700000,0x00000000ec700000)
  from space 3072K, 99% used [0x00000000ecb00000,0x00000000ecdfcd10,0x00000000ece00000)
  to   space 3584K, 0% used [0x00000000ec700000,0x00000000ec700000,0x00000000eca80000)
 ParOldGen       total 394752K, used 381730K [0x00000000c0000000, 0x00000000d8180000, 0x00000000eab00000)
  object space 394752K, 96% used [0x00000000c0000000,0x00000000d74c8980,0x00000000d8180000)
 Metaspace       used 99037K, committed 100864K, reserved 1179648K
  class space    used 10046K, committed 10752K, reserved 1048576K
}
Event: 4180.454 GC heap after
{Heap after GC invocations=2989 (full 72):
 PSYoungGen      total 31744K, used 3581K [0x00000000eab00000, 0x00000000ecf80000, 0x0000000100000000)
  eden space 28160K, 0% used [0x00000000eab00000,0x00000000eab00000,0x00000000ec680000)
  from space 3584K, 99% used [0x00000000ec700000,0x00000000eca7f600,0x00000000eca80000)
  to   space 4608K, 0% used [0x00000000ecb00000,0x00000000ecb00000,0x00000000ecf80000)
 ParOldGen       total 394752K, used 382064K [0x00000000c0000000, 0x00000000d8180000, 0x00000000eab00000)
  object space 394752K, 96% used [0x00000000c0000000,0x00000000d751c158,0x00000000d8180000)
 Metaspace       used 99037K, committed 100864K, reserved 1179648K
  class space    used 10046K, committed 10752K, reserved 1048576K
}
Event: 4181.439 GC heap before
{Heap before GC invocations=2990 (full 72):
 PSYoungGen      total 31744K, used 31741K [0x00000000eab00000, 0x00000000ecf80000, 0x0000000100000000)
  eden space 28160K, 100% used [0x00000000eab00000,0x00000000ec680000,0x00000000ec680000)
  from space 3584K, 99% used [0x00000000ec700000,0x00000000eca7f600,0x00000000eca80000)
  to   space 4608K, 0% used [0x00000000ecb00000,0x00000000ecb00000,0x00000000ecf80000)
 ParOldGen       total 394752K, used 382064K [0x00000000c0000000, 0x00000000d8180000, 0x00000000eab00000)
  object space 394752K, 96% used [0x00000000c0000000,0x00000000d751c158,0x00000000d8180000)
 Metaspace       used 99037K, committed 100864K, reserved 1179648K
  class space    used 10046K, committed 10752K, reserved 1048576K
}
Event: 4181.450 GC heap after
{Heap after GC invocations=2990 (full 72):
 PSYoungGen      total 31232K, used 3277K [0x00000000eab00000, 0x00000000ece80000, 0x0000000100000000)
  eden space 27648K, 0% used [0x00000000eab00000,0x00000000eab00000,0x00000000ec600000)
  from space 3584K, 91% used [0x00000000ecb00000,0x00000000ece33610,0x00000000ece80000)
  to   space 3584K, 0% used [0x00000000ec780000,0x00000000ec780000,0x00000000ecb00000)
 ParOldGen       total 394752K, used 383078K [0x00000000c0000000, 0x00000000d8180000, 0x00000000eab00000)
  object space 394752K, 97% used [0x00000000c0000000,0x00000000d7619958,0x00000000d8180000)
 Metaspace       used 99037K, committed 100864K, reserved 1179648K
  class space    used 10046K, committed 10752K, reserved 1048576K
}
Event: 4182.287 GC heap before
{Heap before GC invocations=2991 (full 72):
 PSYoungGen      total 31232K, used 30925K [0x00000000eab00000, 0x00000000ece80000, 0x0000000100000000)
  eden space 27648K, 100% used [0x00000000eab00000,0x00000000ec600000,0x00000000ec600000)
  from space 3584K, 91% used [0x00000000ecb00000,0x00000000ece33610,0x00000000ece80000)
  to   space 3584K, 0% used [0x00000000ec780000,0x00000000ec780000,0x00000000ecb00000)
 ParOldGen       total 394752K, used 383078K [0x00000000c0000000, 0x00000000d8180000, 0x00000000eab00000)
  object space 394752K, 97% used [0x00000000c0000000,0x00000000d7619958,0x00000000d8180000)
 Metaspace       used 99037K, committed 100864K, reserved 1179648K
  class space    used 10046K, committed 10752K, reserved 1048576K
}
Event: 4182.305 GC heap after
{Heap after GC invocations=2991 (full 72):
 PSYoungGen      total 30720K, used 3579K [0x00000000eab00000, 0x00000000ed380000, 0x0000000100000000)
  eden space 27136K, 0% used [0x00000000eab00000,0x00000000eab00000,0x00000000ec580000)
  from space 3584K, 99% used [0x00000000ec780000,0x00000000ecafee90,0x00000000ecb00000)
  to   space 7168K, 0% used [0x00000000ecc80000,0x00000000ecc80000,0x00000000ed380000)
 ParOldGen       total 394752K, used 385769K [0x00000000c0000000, 0x00000000d8180000, 0x00000000eab00000)
  object space 394752K, 97% used [0x00000000c0000000,0x00000000d78ba798,0x00000000d8180000)
 Metaspace       used 99037K, committed 100864K, reserved 1179648K
  class space    used 10046K, committed 10752K, reserved 1048576K
}
Event: 4182.409 GC heap before
{Heap before GC invocations=2992 (full 72):
 PSYoungGen      total 30720K, used 30715K [0x00000000eab00000, 0x00000000ed380000, 0x0000000100000000)
  eden space 27136K, 100% used [0x00000000eab00000,0x00000000ec580000,0x00000000ec580000)
  from space 3584K, 99% used [0x00000000ec780000,0x00000000ecafee90,0x00000000ecb00000)
  to   space 7168K, 0% used [0x00000000ecc80000,0x00000000ecc80000,0x00000000ed380000)
 ParOldGen       total 394752K, used 385769K [0x00000000c0000000, 0x00000000d8180000, 0x00000000eab00000)
  object space 394752K, 97% used [0x00000000c0000000,0x00000000d78ba798,0x00000000d8180000)
 Metaspace       used 99039K, committed 100864K, reserved 1179648K
  class space    used 10046K, committed 10752K, reserved 1048576K
}
Event: 4182.425 GC heap after
{Heap after GC invocations=2992 (full 72):
 PSYoungGen      total 32768K, used 5433K [0x00000000eab00000, 0x00000000ed200000, 0x0000000100000000)
  eden space 27136K, 0% used [0x00000000eab00000,0x00000000eab00000,0x00000000ec580000)
  from space 5632K, 96% used [0x00000000ecc80000,0x00000000ed1ce720,0x00000000ed200000)
  to   space 6144K, 0% used [0x00000000ec600000,0x00000000ec600000,0x00000000ecc00000)
 ParOldGen       total 394752K, used 387383K [0x00000000c0000000, 0x00000000d8180000, 0x00000000eab00000)
  object space 394752K, 98% used [0x00000000c0000000,0x00000000d7a4dcb8,0x00000000d8180000)
 Metaspace       used 99039K, committed 100864K, reserved 1179648K
  class space    used 10046K, committed 10752K, reserved 1048576K
}
Event: 4185.074 GC heap before
{Heap before GC invocations=2993 (full 72):
 PSYoungGen      total 32768K, used 32569K [0x00000000eab00000, 0x00000000ed200000, 0x0000000100000000)
  eden space 27136K, 100% used [0x00000000eab00000,0x00000000ec580000,0x00000000ec580000)
  from space 5632K, 96% used [0x00000000ecc80000,0x00000000ed1ce720,0x00000000ed200000)
  to   space 6144K, 0% used [0x00000000ec600000,0x00000000ec600000,0x00000000ecc00000)
 ParOldGen       total 394752K, used 387383K [0x00000000c0000000, 0x00000000d8180000, 0x00000000eab00000)
  object space 394752K, 98% used [0x00000000c0000000,0x00000000d7a4dcb8,0x00000000d8180000)
 Metaspace       used 99039K, committed 100864K, reserved 1179648K
  class space    used 10046K, committed 10752K, reserved 1048576K
}
Event: 4185.083 GC heap after
{Heap after GC invocations=2993 (full 72):
 PSYoungGen      total 31232K, used 3890K [0x00000000eab00000, 0x00000000ece80000, 0x0000000100000000)
  eden space 27136K, 0% used [0x00000000eab00000,0x00000000eab00000,0x00000000ec580000)
  from space 4096K, 94% used [0x00000000ec600000,0x00000000ec9cc800,0x00000000eca00000)
  to   space 4608K, 0% used [0x00000000eca00000,0x00000000eca00000,0x00000000ece80000)
 ParOldGen       total 394752K, used 387383K [0x00000000c0000000, 0x00000000d8180000, 0x00000000eab00000)
  object space 394752K, 98% used [0x00000000c0000000,0x00000000d7a4dcb8,0x00000000d8180000)
 Metaspace       used 99039K, committed 100864K, reserved 1179648K
  class space    used 10046K, committed 10752K, reserved 1048576K
}
Event: 4186.361 GC heap before
{Heap before GC invocations=2994 (full 72):
 PSYoungGen      total 31232K, used 31026K [0x00000000eab00000, 0x00000000ece80000, 0x0000000100000000)
  eden space 27136K, 100% used [0x00000000eab00000,0x00000000ec580000,0x00000000ec580000)
  from space 4096K, 94% used [0x00000000ec600000,0x00000000ec9cc800,0x00000000eca00000)
  to   space 4608K, 0% used [0x00000000eca00000,0x00000000eca00000,0x00000000ece80000)
 ParOldGen       total 394752K, used 387383K [0x00000000c0000000, 0x00000000d8180000, 0x00000000eab00000)
  object space 394752K, 98% used [0x00000000c0000000,0x00000000d7a4dcb8,0x00000000d8180000)
 Metaspace       used 99040K, committed 100864K, reserved 1179648K
  class space    used 10046K, committed 10752K, reserved 1048576K
}
Event: 4186.369 GC heap after
{Heap after GC invocations=2994 (full 72):
 PSYoungGen      total 30720K, used 3511K [0x00000000eab00000, 0x00000000ecd80000, 0x0000000100000000)
  eden space 27136K, 0% used [0x00000000eab00000,0x00000000eab00000,0x00000000ec580000)
  from space 3584K, 97% used [0x00000000eca00000,0x00000000ecd6df00,0x00000000ecd80000)
  to   space 4096K, 0% used [0x00000000ec580000,0x00000000ec580000,0x00000000ec980000)
 ParOldGen       total 394752K, used 387383K [0x00000000c0000000, 0x00000000d8180000, 0x00000000eab00000)
  object space 394752K, 98% used [0x00000000c0000000,0x00000000d7a4dcb8,0x00000000d8180000)
 Metaspace       used 99040K, committed 100864K, reserved 1179648K
  class space    used 10046K, committed 10752K, reserved 1048576K
}
Event: 4205.412 GC heap before
{Heap before GC invocations=2995 (full 72):
 PSYoungGen      total 30720K, used 30647K [0x00000000eab00000, 0x00000000ecd80000, 0x0000000100000000)
  eden space 27136K, 100% used [0x00000000eab00000,0x00000000ec580000,0x00000000ec580000)
  from space 3584K, 97% used [0x00000000eca00000,0x00000000ecd6df00,0x00000000ecd80000)
  to   space 4096K, 0% used [0x00000000ec580000,0x00000000ec580000,0x00000000ec980000)
 ParOldGen       total 394752K, used 387383K [0x00000000c0000000, 0x00000000d8180000, 0x00000000eab00000)
  object space 394752K, 98% used [0x00000000c0000000,0x00000000d7a4dcb8,0x00000000d8180000)
 Metaspace       used 99045K, committed 100864K, reserved 1179648K
  class space    used 10046K, committed 10752K, reserved 1048576K
}

Dll operation events (13 events):
Event: 4.170 Loaded shared library c:\Users\Al-Farouk\.vscode\extensions\redhat.java-1.24.0-win32-x64\jre\17.0.8.1-win32-x86_64\bin\java.dll
Event: 8.973 Loaded shared library c:\Users\Al-Farouk\.vscode\extensions\redhat.java-1.24.0-win32-x64\jre\17.0.8.1-win32-x86_64\bin\zip.dll
Event: 9.093 Loaded shared library C:\Users\Al-Farouk\.vscode\extensions\redhat.java-1.24.0-win32-x64\jre\17.0.8.1-win32-x86_64\bin\instrument.dll
Event: 9.763 Loaded shared library C:\Users\Al-Farouk\.vscode\extensions\redhat.java-1.24.0-win32-x64\jre\17.0.8.1-win32-x86_64\bin\net.dll
Event: 9.971 Loaded shared library C:\Users\Al-Farouk\.vscode\extensions\redhat.java-1.24.0-win32-x64\jre\17.0.8.1-win32-x86_64\bin\nio.dll
Event: 10.014 Loaded shared library C:\Users\Al-Farouk\.vscode\extensions\redhat.java-1.24.0-win32-x64\jre\17.0.8.1-win32-x86_64\bin\zip.dll
Event: 10.256 Loaded shared library C:\Users\Al-Farouk\.vscode\extensions\redhat.java-1.24.0-win32-x64\jre\17.0.8.1-win32-x86_64\bin\jimage.dll
Event: 11.059 Loaded shared library c:\Users\Al-Farouk\.vscode\extensions\redhat.java-1.24.0-win32-x64\jre\17.0.8.1-win32-x86_64\bin\verify.dll
Event: 34.441 Loaded shared library C:\Users\Al-Farouk\AppData\Roaming\Code\User\globalStorage\redhat.java\1.24.0\config_win\org.eclipse.equinox.launcher\org.eclipse.equinox.launcher.win32.win32.x86_64_1.2.700.v20221108-1024\eclipse_11801.dll
Event: 55.086 Loaded shared library C:\Users\Al-Farouk\.vscode\extensions\redhat.java-1.24.0-win32-x64\jre\17.0.8.1-win32-x86_64\bin\management.dll
Event: 55.091 Loaded shared library C:\Users\Al-Farouk\.vscode\extensions\redhat.java-1.24.0-win32-x64\jre\17.0.8.1-win32-x86_64\bin\management_ext.dll
Event: 67.807 Loaded shared library C:\Users\Al-Farouk\AppData\Local\Temp\jna-1104620720\jna13501807445867314244.dll
Event: 75.283 Loaded shared library C:\Users\Al-Farouk\.vscode\extensions\redhat.java-1.24.0-win32-x64\jre\17.0.8.1-win32-x86_64\bin\sunmscapi.dll

Deoptimization events (20 events):
Event: 4154.689 Thread 0x000002526eef3300 DEOPT PACKING pc=0x000002525fe45dc8 sp=0x0000007fec1fe930
Event: 4154.689 Thread 0x000002526eef3300 DEOPT UNPACKING pc=0x000002525e46669d sp=0x0000007fec1fe8c0 mode 2
Event: 4154.889 Thread 0x000002526eef14a0 Uncommon trap: trap_request=0xffffffd6 fr.pc=0x000002525fe45dc8 relative=0x0000000000000148
Event: 4154.889 Thread 0x000002526eef14a0 Uncommon trap: reason=array_check action=maybe_recompile pc=0x000002525fe45dc8 method=java.util.Arrays.fill([Ljava/lang/Object;Ljava/lang/Object;)V @ 13 c2
Event: 4154.889 Thread 0x000002526eef14a0 DEOPT PACKING pc=0x000002525fe45dc8 sp=0x0000007fec1fed30
Event: 4154.889 Thread 0x000002526eef14a0 DEOPT UNPACKING pc=0x000002525e46669d sp=0x0000007fec1fecc0 mode 2
Event: 4170.132 Thread 0x000002526eef6fc0 Uncommon trap: trap_request=0xffffff45 fr.pc=0x000002525fe37a10 relative=0x0000000000000750
Event: 4170.132 Thread 0x000002526eef6fc0 Uncommon trap: reason=unstable_if action=reinterpret pc=0x000002525fe37a10 method=org.eclipse.jdt.internal.codeassist.SelectionEngine.acceptType([C[C[[CILorg/eclipse/jdt/internal/compiler/env/AccessRestriction;)V @ 30 c2
Event: 4170.132 Thread 0x000002526eef6fc0 DEOPT PACKING pc=0x000002525fe37a10 sp=0x0000007fec1fdfb0
Event: 4170.132 Thread 0x000002526eef6fc0 DEOPT UNPACKING pc=0x000002525e46669d sp=0x0000007fec1fdf58 mode 2
Event: 4170.134 Thread 0x000002526eef6fc0 Uncommon trap: trap_request=0xffffffe4 fr.pc=0x000002525fe6d41c relative=0x000000000000041c
Event: 4170.134 Thread 0x000002526eef6fc0 Uncommon trap: reason=range_check action=make_not_entrant pc=0x000002525fe6d41c method=java.util.LinkedHashMap.keysToArray([Ljava/lang/Object;)[Ljava/lang/Object; @ 25 c2
Event: 4170.134 Thread 0x000002526eef6fc0 DEOPT PACKING pc=0x000002525fe6d41c sp=0x0000007fec1fe4c0
Event: 4170.134 Thread 0x000002526eef6fc0 DEOPT UNPACKING pc=0x000002525e46669d sp=0x0000007fec1fe448 mode 2
Event: 4180.263 Thread 0x000002526eef6fc0 Uncommon trap: trap_request=0xffffff45 fr.pc=0x000002525fbf54e8 relative=0x0000000000001f68
Event: 4180.263 Thread 0x000002526eef6fc0 Uncommon trap: reason=unstable_if action=reinterpret pc=0x000002525fbf54e8 method=org.eclipse.jdt.internal.compiler.parser.TypeConverter.decodeType(Ljava/lang/String;III)Lorg/eclipse/jdt/internal/compiler/ast/TypeReference; @ 36 c2
Event: 4180.263 Thread 0x000002526eef6fc0 DEOPT PACKING pc=0x000002525fbf54e8 sp=0x0000007fec1fe0e0
Event: 4180.263 Thread 0x000002526eef6fc0 DEOPT UNPACKING pc=0x000002525e46669d sp=0x0000007fec1fe058 mode 2
Event: 4186.375 Thread 0x000002526eef14a0 DEOPT PACKING pc=0x0000025257d479df sp=0x0000007fec1fd9d0
Event: 4186.375 Thread 0x000002526eef14a0 DEOPT UNPACKING pc=0x000002525e466e24 sp=0x0000007fec1fcec0 mode 0

Classes unloaded (20 events):
Event: 4048.164 Thread 0x00000252542f4900 Unloading class 0x00000001006ea400 'java/lang/invoke/LambdaForm$MH+0x00000001006ea400'
Event: 4048.164 Thread 0x00000252542f4900 Unloading class 0x00000001006ea800 'java/lang/invoke/LambdaForm$MH+0x00000001006ea800'
Event: 4048.170 Thread 0x00000252542f4900 Unloading class 0x0000000100729000 'java/lang/invoke/LambdaForm$MH+0x0000000100729000'
Event: 4048.170 Thread 0x00000252542f4900 Unloading class 0x000000010072b400 'java/lang/invoke/LambdaForm$MH+0x000000010072b400'
Event: 4048.170 Thread 0x00000252542f4900 Unloading class 0x0000000100730000 'java/lang/invoke/LambdaForm$MH+0x0000000100730000'
Event: 4048.171 Thread 0x00000252542f4900 Unloading class 0x0000000100738000 'java/lang/invoke/LambdaForm$MH+0x0000000100738000'
Event: 4048.171 Thread 0x00000252542f4900 Unloading class 0x000000010077d400 'java/lang/invoke/LambdaForm$MH+0x000000010077d400'
Event: 4048.171 Thread 0x00000252542f4900 Unloading class 0x000000010077d800 'java/lang/invoke/LambdaForm$MH+0x000000010077d800'
Event: 4048.171 Thread 0x00000252542f4900 Unloading class 0x00000001007fb000 'java/lang/invoke/LambdaForm$MH+0x00000001007fb000'
Event: 4048.171 Thread 0x00000252542f4900 Unloading class 0x0000000100891000 'java/lang/invoke/LambdaForm$MH+0x0000000100891000'
Event: 4048.181 Thread 0x00000252542f4900 Unloading class 0x000000010021e400 'java/lang/invoke/LambdaForm$MH+0x000000010021e400'
Event: 4048.181 Thread 0x00000252542f4900 Unloading class 0x000000010021e000 'java/lang/invoke/LambdaForm$MH+0x000000010021e000'
Event: 4048.181 Thread 0x00000252542f4900 Unloading class 0x000000010021dc00 'java/lang/invoke/LambdaForm$MH+0x000000010021dc00'
Event: 4048.181 Thread 0x00000252542f4900 Unloading class 0x000000010021d800 'java/lang/invoke/LambdaForm$MH+0x000000010021d800'
Event: 4048.181 Thread 0x00000252542f4900 Unloading class 0x0000000100199c00 'java/lang/invoke/LambdaForm$MH+0x0000000100199c00'
Event: 4048.224 Thread 0x00000252542f4900 Unloading class 0x0000000100199400 'java/lang/invoke/LambdaForm$MH+0x0000000100199400'
Event: 4048.224 Thread 0x00000252542f4900 Unloading class 0x0000000100199000 'java/lang/invoke/LambdaForm$MH+0x0000000100199000'
Event: 4048.224 Thread 0x00000252542f4900 Unloading class 0x0000000100198c00 'java/lang/invoke/LambdaForm$MH+0x0000000100198c00'
Event: 4048.225 Thread 0x00000252542f4900 Unloading class 0x0000000100198800 'java/lang/invoke/LambdaForm$MH+0x0000000100198800'
Event: 4048.225 Thread 0x00000252542f4900 Unloading class 0x0000000100198000 'java/lang/invoke/LambdaForm$MH+0x0000000100198000'

Classes redefined (0 events):
No events

Internal exceptions (20 events):
Event: 1718.114 Thread 0x000002526d381a10 Exception <a 'sun/nio/fs/WindowsException'{0x00000000eab2cc70}> (0x00000000eab2cc70) 
thrown [s\src\hotspot\share\prims\jni.cpp, line 516]
Event: 1719.992 Thread 0x000002526d381a10 Exception <a 'sun/nio/fs/WindowsException'{0x00000000eae54d68}> (0x00000000eae54d68) 
thrown [s\src\hotspot\share\prims\jni.cpp, line 516]
Event: 1721.168 Thread 0x000002526d381a10 Exception <a 'sun/nio/fs/WindowsException'{0x00000000eab4efb0}> (0x00000000eab4efb0) 
thrown [s\src\hotspot\share\prims\jni.cpp, line 516]
Event: 1725.211 Thread 0x000002526d381a10 Exception <a 'sun/nio/fs/WindowsException'{0x00000000eaf960a0}> (0x00000000eaf960a0) 
thrown [s\src\hotspot\share\prims\jni.cpp, line 516]
Event: 1726.245 Thread 0x000002526d381a10 Exception <a 'sun/nio/fs/WindowsException'{0x00000000eb21dca8}> (0x00000000eb21dca8) 
thrown [s\src\hotspot\share\prims\jni.cpp, line 516]
Event: 1732.672 Thread 0x000002526d381a10 Exception <a 'sun/nio/fs/WindowsException'{0x00000000ead75e38}> (0x00000000ead75e38) 
thrown [s\src\hotspot\share\prims\jni.cpp, line 516]
Event: 1733.946 Thread 0x000002526d381a10 Exception <a 'sun/nio/fs/WindowsException'{0x00000000eac3da40}> (0x00000000eac3da40) 
thrown [s\src\hotspot\share\prims\jni.cpp, line 516]
Event: 1753.992 Thread 0x000002526eef5b80 Implicit null exception at 0x000002525f0ccd2f to 0x000002525f0cd23c
Event: 1754.934 Thread 0x000002526eef6fc0 Exception <a 'java/io/FileNotFoundException'{0x00000000eab11238}> (0x00000000eab11238) 
thrown [s\src\hotspot\share\prims\jni.cpp, line 516]
Event: 1755.312 Thread 0x000002526eef6fc0 Exception <a 'java/lang/NoSuchMethodError'{0x00000000eab58cc8}: 'java.lang.Object java.lang.invoke.DirectMethodHandle$Holder.invokeVirtual(java.lang.Object, java.lang.Object, java.lang.Object, java.lang.Object)'> (0x00000000eab58cc8) 
thrown [s\src\hotspot\share\interpreter\linkResolver.cpp, line 759]
Event: 1755.396 Thread 0x000002526eef3810 Implicit null exception at 0x000002525f7fa977 to 0x000002525f7facb4
Event: 1755.414 Thread 0x000002526eef3810 Exception <a 'java/lang/NoSuchMethodError'{0x00000000eaf39f78}: 'java.lang.Object java.lang.invoke.DirectMethodHandle$Holder.invokeStatic(java.lang.Object, long, java.lang.Object, java.lang.Object)'> (0x00000000eaf39f78) 
thrown [s\src\hotspot\share\interpreter\linkResolver.cpp, line 759]
Event: 1755.475 Thread 0x000002526eef3810 Exception <a 'sun/nio/fs/WindowsException'{0x00000000eab43610}> (0x00000000eab43610) 
thrown [s\src\hotspot\share\prims\jni.cpp, line 516]
Event: 1755.475 Thread 0x000002526eef3810 Exception <a 'sun/nio/fs/WindowsException'{0x00000000eab43900}> (0x00000000eab43900) 
thrown [s\src\hotspot\share\prims\jni.cpp, line 516]
Event: 1755.475 Thread 0x000002526eef3810 Exception <a 'sun/nio/fs/WindowsException'{0x00000000eab44c88}> (0x00000000eab44c88) 
thrown [s\src\hotspot\share\prims\jni.cpp, line 516]
Event: 1755.475 Thread 0x000002526eef3810 Exception <a 'sun/nio/fs/WindowsException'{0x00000000eab451f0}> (0x00000000eab451f0) 
thrown [s\src\hotspot\share\prims\jni.cpp, line 516]
Event: 3474.419 Thread 0x000002526eef23d0 Exception <a 'sun/nio/fs/WindowsException'{0x00000000eaeb6be0}> (0x00000000eaeb6be0) 
thrown [s\src\hotspot\share\prims\jni.cpp, line 516]
Event: 3474.419 Thread 0x000002526eef23d0 Exception <a 'sun/nio/fs/WindowsException'{0x00000000eaeb6ed0}> (0x00000000eaeb6ed0) 
thrown [s\src\hotspot\share\prims\jni.cpp, line 516]
Event: 3474.419 Thread 0x000002526eef23d0 Exception <a 'sun/nio/fs/WindowsException'{0x00000000eaeb7a98}> (0x00000000eaeb7a98) 
thrown [s\src\hotspot\share\prims\jni.cpp, line 516]
Event: 3474.419 Thread 0x000002526eef23d0 Exception <a 'sun/nio/fs/WindowsException'{0x00000000eaeb7d88}> (0x00000000eaeb7d88) 
thrown [s\src\hotspot\share\prims\jni.cpp, line 516]

VM Operations (20 events):
Event: 4177.607 Executing VM operation: Cleanup done
Event: 4180.046 Executing VM operation: ParallelGCFailedAllocation
Event: 4180.074 Executing VM operation: ParallelGCFailedAllocation done
Event: 4180.317 Executing VM operation: ParallelGCFailedAllocation
Event: 4180.330 Executing VM operation: ParallelGCFailedAllocation done
Event: 4180.416 Executing VM operation: ParallelGCFailedAllocation
Event: 4180.454 Executing VM operation: ParallelGCFailedAllocation done
Event: 4181.439 Executing VM operation: ParallelGCFailedAllocation
Event: 4181.450 Executing VM operation: ParallelGCFailedAllocation done
Event: 4182.287 Executing VM operation: ParallelGCFailedAllocation
Event: 4182.305 Executing VM operation: ParallelGCFailedAllocation done
Event: 4182.409 Executing VM operation: ParallelGCFailedAllocation
Event: 4182.425 Executing VM operation: ParallelGCFailedAllocation done
Event: 4185.074 Executing VM operation: ParallelGCFailedAllocation
Event: 4185.083 Executing VM operation: ParallelGCFailedAllocation done
Event: 4186.361 Executing VM operation: ParallelGCFailedAllocation
Event: 4186.371 Executing VM operation: ParallelGCFailedAllocation done
Event: 4187.372 Executing VM operation: Cleanup
Event: 4187.372 Executing VM operation: Cleanup done
Event: 4205.412 Executing VM operation: ParallelGCFailedAllocation

Events (20 events):
Event: 4185.099 Thread 0x000002526eef6fc0 Thread exited: 0x000002526eef6fc0
Event: 4185.230 Thread 0x000002526eef4230 Thread added: 0x000002526eef4230
Event: 4185.240 Thread 0x000002526eef4230 Thread exited: 0x000002526eef4230
Event: 4185.899 Thread 0x000002526eef5160 Thread added: 0x000002526eef5160
Event: 4185.906 Thread 0x000002526eef4230 Thread added: 0x000002526eef4230
Event: 4185.917 Thread 0x000002526eef5160 Thread exited: 0x000002526eef5160
Event: 4185.943 Thread 0x000002526eef4230 Thread exited: 0x000002526eef4230
Event: 4186.079 Thread 0x000002526eef6fc0 Thread added: 0x000002526eef6fc0
Event: 4186.175 Thread 0x000002526eef6fc0 Thread exited: 0x000002526eef6fc0
Event: 4186.344 Thread 0x000002526eef14a0 Thread added: 0x000002526eef14a0
Event: 4186.345 Thread 0x000002526eef19b0 Thread added: 0x000002526eef19b0
Event: 4186.345 Thread 0x000002526eef28e0 Thread added: 0x000002526eef28e0
Event: 4186.371 Thread 0x000002526eef19b0 Thread exited: 0x000002526eef19b0
Event: 4186.397 Thread 0x000002526eef28e0 Thread exited: 0x000002526eef28e0
Event: 4186.428 Thread 0x000002526eef19b0 Thread added: 0x000002526eef19b0
Event: 4186.458 Thread 0x000002526eef19b0 Thread exited: 0x000002526eef19b0
Event: 4186.473 Thread 0x000002526eef14a0 Thread exited: 0x000002526eef14a0
Event: 4204.837 Thread 0x000002526eef5160 Thread added: 0x000002526eef5160
Event: 4204.883 Thread 0x000002526eef5160 Thread exited: 0x000002526eef5160
Event: 4205.403 Thread 0x000002526eef14a0 Thread added: 0x000002526eef14a0


Dynamic libraries:
0x00007ff6ce960000 - 0x00007ff6ce96e000 	c:\Users\Al-Farouk\.vscode\extensions\redhat.java-1.24.0-win32-x64\jre\17.0.8.1-win32-x86_64\bin\java.exe
0x00007ff9b47b0000 - 0x00007ff9b49a8000 	C:\WINDOWS\SYSTEM32\ntdll.dll
0x00007ff9b35c0000 - 0x00007ff9b367d000 	C:\WINDOWS\System32\KERNEL32.DLL
0x00007ff9b21f0000 - 0x00007ff9b24e6000 	C:\WINDOWS\System32\KERNELBASE.dll
0x00007ff9af650000 - 0x00007ff9af6e1000 	C:\WINDOWS\SYSTEM32\apphelp.dll
0x00007ff9b1f30000 - 0x00007ff9b2030000 	C:\WINDOWS\System32\ucrtbase.dll
0x00007ff99ac70000 - 0x00007ff99ac87000 	c:\Users\Al-Farouk\.vscode\extensions\redhat.java-1.24.0-win32-x64\jre\17.0.8.1-win32-x86_64\bin\jli.dll
0x00007ff9b41a0000 - 0x00007ff9b433e000 	C:\WINDOWS\System32\USER32.dll
0x00007ff9b25a0000 - 0x00007ff9b25c2000 	C:\WINDOWS\System32\win32u.dll
0x00007ff9b46a0000 - 0x00007ff9b46cc000 	C:\WINDOWS\System32\GDI32.dll
0x00007ff9b20a0000 - 0x00007ff9b21ba000 	C:\WINDOWS\System32\gdi32full.dll
0x00007ff9b1e90000 - 0x00007ff9b1f2d000 	C:\WINDOWS\System32\msvcp_win.dll
0x00007ff98e5b0000 - 0x00007ff98e5c9000 	c:\Users\Al-Farouk\.vscode\extensions\redhat.java-1.24.0-win32-x64\jre\17.0.8.1-win32-x86_64\bin\VCRUNTIME140.dll
0x00007ff9a2860000 - 0x00007ff9a2afa000 	C:\WINDOWS\WinSxS\amd64_microsoft.windows.common-controls_6595b64144ccf1df_6.0.19041.1110_none_60b5254171f9507e\COMCTL32.dll
0x00007ff9b3680000 - 0x00007ff9b371e000 	C:\WINDOWS\System32\msvcrt.dll
0x00007ff9b3030000 - 0x00007ff9b3060000 	C:\WINDOWS\System32\IMM32.DLL
0x00007ff99a9b0000 - 0x00007ff99a9bc000 	c:\Users\Al-Farouk\.vscode\extensions\redhat.java-1.24.0-win32-x64\jre\17.0.8.1-win32-x86_64\bin\vcruntime140_1.dll
0x00007ff985a60000 - 0x00007ff985af1000 	c:\Users\Al-Farouk\.vscode\extensions\redhat.java-1.24.0-win32-x64\jre\17.0.8.1-win32-x86_64\bin\msvcp140.dll
0x00007ff973150000 - 0x00007ff973d9c000 	c:\Users\Al-Farouk\.vscode\extensions\redhat.java-1.24.0-win32-x64\jre\17.0.8.1-win32-x86_64\bin\server\jvm.dll
0x00007ff9b3150000 - 0x00007ff9b31fe000 	C:\WINDOWS\System32\ADVAPI32.dll
0x00007ff9b46d0000 - 0x00007ff9b476c000 	C:\WINDOWS\System32\sechost.dll
0x00007ff9b3200000 - 0x00007ff9b3326000 	C:\WINDOWS\System32\RPCRT4.dll
0x00007ff9b1c40000 - 0x00007ff9b1c8b000 	C:\WINDOWS\SYSTEM32\POWRPROF.dll
0x00007ff9ad850000 - 0x00007ff9ad859000 	C:\WINDOWS\SYSTEM32\WSOCK32.dll
0x00007ff9b33a0000 - 0x00007ff9b340b000 	C:\WINDOWS\System32\WS2_32.dll
0x00007ff9a6230000 - 0x00007ff9a6257000 	C:\WINDOWS\SYSTEM32\WINMM.dll
0x00007ff9a7450000 - 0x00007ff9a745a000 	C:\WINDOWS\SYSTEM32\VERSION.dll
0x00007ff9b1c20000 - 0x00007ff9b1c32000 	C:\WINDOWS\SYSTEM32\UMPDC.dll
0x00007ff9afd20000 - 0x00007ff9afd32000 	C:\WINDOWS\SYSTEM32\kernel.appcore.dll
0x00007ff99a500000 - 0x00007ff99a50a000 	c:\Users\Al-Farouk\.vscode\extensions\redhat.java-1.24.0-win32-x64\jre\17.0.8.1-win32-x86_64\bin\jimage.dll
0x00007ff99fbc0000 - 0x00007ff99fda4000 	C:\WINDOWS\SYSTEM32\DBGHELP.DLL
0x00007ff99fae0000 - 0x00007ff99fb14000 	C:\WINDOWS\SYSTEM32\dbgcore.DLL
0x00007ff9b25d0000 - 0x00007ff9b2652000 	C:\WINDOWS\System32\bcryptPrimitives.dll
0x00007ff994490000 - 0x00007ff99449e000 	c:\Users\Al-Farouk\.vscode\extensions\redhat.java-1.24.0-win32-x64\jre\17.0.8.1-win32-x86_64\bin\instrument.dll
0x00007ff98ba10000 - 0x00007ff98ba35000 	c:\Users\Al-Farouk\.vscode\extensions\redhat.java-1.24.0-win32-x64\jre\17.0.8.1-win32-x86_64\bin\java.dll
0x00007ff98dfb0000 - 0x00007ff98dfc8000 	c:\Users\Al-Farouk\.vscode\extensions\redhat.java-1.24.0-win32-x64\jre\17.0.8.1-win32-x86_64\bin\zip.dll
0x00007ff9b3720000 - 0x00007ff9b3e65000 	C:\WINDOWS\System32\SHELL32.dll
0x00007ff9aff20000 - 0x00007ff9b06bb000 	C:\WINDOWS\SYSTEM32\windows.storage.dll
0x00007ff9b4340000 - 0x00007ff9b4694000 	C:\WINDOWS\System32\combase.dll
0x00007ff9b1800000 - 0x00007ff9b182e000 	C:\WINDOWS\SYSTEM32\Wldp.dll
0x00007ff9b2810000 - 0x00007ff9b28bd000 	C:\WINDOWS\System32\SHCORE.dll
0x00007ff9b3340000 - 0x00007ff9b3395000 	C:\WINDOWS\System32\shlwapi.dll
0x00007ff9b1dc0000 - 0x00007ff9b1de5000 	C:\WINDOWS\SYSTEM32\profapi.dll
0x00007ff98df10000 - 0x00007ff98df29000 	C:\Users\Al-Farouk\.vscode\extensions\redhat.java-1.24.0-win32-x64\jre\17.0.8.1-win32-x86_64\bin\net.dll
0x00007ff9a7970000 - 0x00007ff9a7a7a000 	C:\WINDOWS\SYSTEM32\WINHTTP.dll
0x00007ff9b1560000 - 0x00007ff9b15ca000 	C:\WINDOWS\system32\mswsock.dll
0x00007ff98b5a0000 - 0x00007ff98b5b5000 	C:\Users\Al-Farouk\.vscode\extensions\redhat.java-1.24.0-win32-x64\jre\17.0.8.1-win32-x86_64\bin\nio.dll
0x00007ff993f50000 - 0x00007ff993f60000 	c:\Users\Al-Farouk\.vscode\extensions\redhat.java-1.24.0-win32-x64\jre\17.0.8.1-win32-x86_64\bin\verify.dll
0x00007ff98ba70000 - 0x00007ff98baae000 	C:\Users\Al-Farouk\AppData\Roaming\Code\User\globalStorage\redhat.java\1.24.0\config_win\org.eclipse.equinox.launcher\org.eclipse.equinox.launcher.win32.win32.x86_64_1.2.700.v20221108-1024\eclipse_11801.dll
0x00007ff9b4050000 - 0x00007ff9b417a000 	C:\WINDOWS\System32\ole32.dll
0x00007ff9ad8f0000 - 0x00007ff9ad8f9000 	C:\Users\Al-Farouk\.vscode\extensions\redhat.java-1.24.0-win32-x64\jre\17.0.8.1-win32-x86_64\bin\management.dll
0x00007ff9a80d0000 - 0x00007ff9a80db000 	C:\Users\Al-Farouk\.vscode\extensions\redhat.java-1.24.0-win32-x64\jre\17.0.8.1-win32-x86_64\bin\management_ext.dll
0x00007ff9b3f60000 - 0x00007ff9b3f68000 	C:\WINDOWS\System32\PSAPI.DLL
0x00007ff9b1750000 - 0x00007ff9b1768000 	C:\WINDOWS\SYSTEM32\CRYPTSP.dll
0x00007ff9b0e70000 - 0x00007ff9b0ea4000 	C:\WINDOWS\system32\rsaenh.dll
0x00007ff9b21c0000 - 0x00007ff9b21e7000 	C:\WINDOWS\System32\bcrypt.dll
0x00007ff9b1d40000 - 0x00007ff9b1d6e000 	C:\WINDOWS\SYSTEM32\USERENV.dll
0x00007ff9b1770000 - 0x00007ff9b177c000 	C:\WINDOWS\SYSTEM32\CRYPTBASE.dll
0x00007ff9b1250000 - 0x00007ff9b128b000 	C:\WINDOWS\SYSTEM32\IPHLPAPI.DLL
0x00007ff9b3330000 - 0x00007ff9b3338000 	C:\WINDOWS\System32\NSI.dll
0x00007ff9a7fd0000 - 0x00007ff9a7fe7000 	C:\WINDOWS\SYSTEM32\dhcpcsvc6.DLL
0x00007ff9a7e80000 - 0x00007ff9a7e9d000 	C:\WINDOWS\SYSTEM32\dhcpcsvc.DLL
0x00007ff9b1290000 - 0x00007ff9b135a000 	C:\WINDOWS\SYSTEM32\DNSAPI.dll
0x00007ff986840000 - 0x00007ff986885000 	C:\Users\Al-Farouk\AppData\Local\Temp\jna-1104620720\jna13501807445867314244.dll
0x00007ff9a80c0000 - 0x00007ff9a80ce000 	C:\Users\Al-Farouk\.vscode\extensions\redhat.java-1.24.0-win32-x64\jre\17.0.8.1-win32-x86_64\bin\sunmscapi.dll
0x00007ff9b2660000 - 0x00007ff9b27be000 	C:\WINDOWS\System32\CRYPT32.dll
0x00007ff9b1870000 - 0x00007ff9b1898000 	C:\WINDOWS\SYSTEM32\ncrypt.dll
0x00007ff9b1830000 - 0x00007ff9b186b000 	C:\WINDOWS\SYSTEM32\NTASN1.dll
0x00007ff9a5ff0000 - 0x00007ff9a5ffa000 	C:\Windows\System32\rasadhlp.dll
0x00007ff9a7690000 - 0x00007ff9a7712000 	C:\WINDOWS\System32\fwpuclnt.dll
0x00007ff9ad8a0000 - 0x00007ff9ad8a7000 	C:\WINDOWS\system32\wshunix.dll

dbghelp: loaded successfully - version: 4.0.5 - missing functions: none
symbol engine: initialized successfully - sym options: 0x614 - pdb path: .;c:\Users\Al-Farouk\.vscode\extensions\redhat.java-1.24.0-win32-x64\jre\17.0.8.1-win32-x86_64\bin;C:\WINDOWS\SYSTEM32;C:\WINDOWS\WinSxS\amd64_microsoft.windows.common-controls_6595b64144ccf1df_6.0.19041.1110_none_60b5254171f9507e;c:\Users\Al-Farouk\.vscode\extensions\redhat.java-1.24.0-win32-x64\jre\17.0.8.1-win32-x86_64\bin\server;C:\Users\Al-Farouk\AppData\Roaming\Code\User\globalStorage\redhat.java\1.24.0\config_win\org.eclipse.equinox.launcher\org.eclipse.equinox.launcher.win32.win32.x86_64_1.2.700.v20221108-1024;C:\Users\Al-Farouk\AppData\Local\Temp\jna-1104620720

VM Arguments:
jvm_args: --add-modules=ALL-SYSTEM --add-opens=java.base/java.util=ALL-UNNAMED --add-opens=java.base/java.lang=ALL-UNNAMED --add-opens=java.base/sun.nio.fs=ALL-UNNAMED -Declipse.application=org.eclipse.jdt.ls.core.id1 -Dosgi.bundles.defaultStartLevel=4 -Declipse.product=org.eclipse.jdt.ls.core.product -Djava.import.generatesMetadataFilesAtProjectRoot=false -DDetectVMInstallationsJob.disabled=true -Dfile.encoding=utf8 -XX:+UseParallelGC -XX:GCTimeRatio=4 -XX:AdaptiveSizePolicyWeight=90 -Dsun.zip.disableMemoryMapping=true -Xmx1G -Xms100m -Xlog:disable -javaagent:c:\Users\Al-Farouk\.vscode\extensions\redhat.java-1.24.0-win32-x64\lombok\lombok-1.18.30.jar -XX:+HeapDumpOnOutOfMemoryError -XX:HeapDumpPath=c:\Users\Al-Farouk\AppData\Roaming\Code\User\workspaceStorage\5fbd4c0614162553149b181b1f65308c\redhat.java -Daether.dependencyCollector.impl=bf 
java_command: c:\Users\Al-Farouk\.vscode\extensions\redhat.java-1.24.0-win32-x64\server\plugins\org.eclipse.equinox.launcher_1.6.500.v20230717-2134.jar -configuration c:\Users\Al-Farouk\AppData\Roaming\Code\User\globalStorage\redhat.java\1.24.0\config_win -data c:\Users\Al-Farouk\AppData\Roaming\Code\User\workspaceStorage\5fbd4c0614162553149b181b1f65308c\redhat.java\jdt_ws --stdio
java_class_path (initial): c:\Users\Al-Farouk\.vscode\extensions\redhat.java-1.24.0-win32-x64\server\plugins\org.eclipse.equinox.launcher_1.6.500.v20230717-2134.jar
Launcher Type: SUN_STANDARD

[Global flags]
    uintx AdaptiveSizePolicyWeight                 = 90                                        {product} {command line}
     intx CICompilerCount                          = 2                                         {product} {ergonomic}
    uintx GCTimeRatio                              = 4                                         {product} {command line}
     bool HeapDumpOnOutOfMemoryError               = true                                   {manageable} {command line}
    ccstr HeapDumpPath                             = c:\Users\Al-Farouk\AppData\Roaming\Code\User\workspaceStorage\5fbd4c0614162553149b181b1f65308c\redhat.java         {manageable} {command line}
   size_t InitialHeapSize                          = 104857600                                 {product} {command line}
   size_t MaxHeapSize                              = 1073741824                                {product} {command line}
   size_t MaxNewSize                               = 357564416                                 {product} {ergonomic}
   size_t MinHeapDeltaBytes                        = 524288                                    {product} {ergonomic}
   size_t MinHeapSize                              = 104857600                                 {product} {command line}
   size_t NewSize                                  = 34603008                                  {product} {ergonomic}
    uintx NonNMethodCodeHeapSize                   = 5826188                                {pd product} {ergonomic}
    uintx NonProfiledCodeHeapSize                  = 122916026                              {pd product} {ergonomic}
   size_t OldSize                                  = 70254592                                  {product} {ergonomic}
    uintx ProfiledCodeHeapSize                     = 122916026                              {pd product} {ergonomic}
    uintx ReservedCodeCacheSize                    = 251658240                              {pd product} {ergonomic}
     bool SegmentedCodeCache                       = true                                      {product} {ergonomic}
   size_t SoftMaxHeapSize                          = 1073741824                             {manageable} {ergonomic}
     bool UseCompressedClassPointers               = true                           {product lp64_product} {ergonomic}
     bool UseCompressedOops                        = true                           {product lp64_product} {ergonomic}
     bool UseLargePagesIndividualAllocation        = false                                  {pd product} {ergonomic}
     bool UseParallelGC                            = true                                      {product} {command line}

Logging:
Log output configuration:
 #0: stdout all=off uptime,level,tags
 #1: stderr all=off uptime,level,tags

Environment Variables:
JAVA_HOME=C:\Program Files\Java\jdk-18.0.1.1
PATH=C:\Program Files (x86)\Common Files\Oracle\Java\javapath;C:\WINDOWS\system32;C:\WINDOWS;C:\WINDOWS\System32\Wbem;C:\WINDOWS\System32\WindowsPowerShell\v1.0\;C:\WINDOWS\System32\OpenSSH\;C:\Program Files\Java\jdk-18.0.1.1\bin\;C:\Program Files\Git\cmd;C:\Program Files\nodejs\;C:\maven\apache-maven-3.9.4\bin;C:\Users\Al-Farouk\anaconda3;C:\Users\Al-Farouk\anaconda3\Library\mingw-w64\bin;C:\Users\Al-Farouk\anaconda3\Library\usr\bin;C:\Users\Al-Farouk\anaconda3\Library\bin;C:\Users\Al-Farouk\anaconda3\Scripts;C:\Users\Al-Farouk\AppData\Local\Microsoft\WindowsApps;C:\Users\Al-Farouk\AppData\Local\Programs\Microsoft VS Code\bin;C:\development\flutter\bin;C:\php;C:\Users\Al-Farouk\AppData\Roaming\npm;C:\Program Files\JetBrains\IntelliJ IDEA Community Edition 2023.2.5\bin;;
USERNAME=Al-Farouk
OS=Windows_NT
PROCESSOR_IDENTIFIER=Intel64 Family 6 Model 42 Stepping 7, GenuineIntel
TMP=C:\Users\AL-FAR~1\AppData\Local\Temp
TEMP=C:\Users\AL-FAR~1\AppData\Local\Temp



---------------  S Y S T E M  ---------------

OS:
 Windows 10 , 64 bit Build 19041 (10.0.19041.3393)
OS uptime: 0 days 2:22 hours

CPU: total 2 (initial active 2) (2 cores per cpu, 1 threads per core) family 6 model 42 stepping 7 microcode 0x2f, cx8, cmov, fxsr, mmx, sse, sse2, sse3, ssse3, sse4.1, sse4.2, popcnt, tsc, tscinvbit, clmul, clflush
Processor Information for all 2 processors :
  Max Mhz: 2200, Current Mhz: 2200, Mhz Limit: 2200

Memory: 4k page, system-wide physical 3947M (590M free)
TotalPageFile size 8811M (AvailPageFile size 3180M)
current process WorkingSet (physical memory assigned to process): 553M, peak: 954M
current process commit charge ("private bytes"): 716M, peak: 814M

vm_info: OpenJDK 64-Bit Server VM (17.0.8.1+1) for windows-amd64 JRE (17.0.8.1+1), built on Aug 23 2023 15:29:17 by "admin" with MS VC++ 16.7 (VS2019)

END.
